<?xml version="1.0" encoding="UTF-8"?>
<!-- Generated by org.testng.reporters.JUnitReportReporter -->
<testsuite hostname="DESKTOP-7GC1PIP" failures="0" tests="1" name="TAF_PDFReport.PDFReportTest" time="14.291" errors="0" timestamp="2023-11-06T19:00:04 IST" skipped="0">
  <testcase classname="TAF_PDFReport.PDFReportTest" name="PDFreports" time="14.291"/>
  <system-out/>
</testsuite> <!-- TAF_PDFReport.PDFReportTest -->
