<?xml version="1.0" encoding="UTF-8"?>
<!-- Generated by org.testng.reporters.JUnitReportReporter -->
<testsuite hostname="DESKTOP-7GC1PIP" failures="0" tests="3" name="com.mohs10.scripts.THtest" time="379.473" errors="0" timestamp="2023-07-11T13:27:40 IST" skipped="0">
  <testcase classname="com.mohs10.scripts.THtest" name="Authorreg" time="14.188"/>
  <system-out/>
  <testcase classname="com.mohs10.scripts.THtest" name="Authorval" time="10.742"/>
  <system-out/>
  <testcase classname="com.mohs10.scripts.THtest" name="Articles" time="354.543"/>
  <system-out/>
</testsuite> <!-- com.mohs10.scripts.THtest -->
