<?xml version="1.0" encoding="UTF-8"?>
<!-- Generated by org.testng.reporters.JUnitReportReporter -->
<testsuite hostname="DESKTOP-7GC1PIP" failures="0" tests="1" name="TAF_PDFReport.PDFReportTest" time="6.221" errors="0" timestamp="2023-11-07T18:54:30 IST" skipped="0">
  <testcase classname="TAF_PDFReport.PDFReportTest" name="PDFreports" time="6.221"/>
  <system-out/>
</testsuite> <!-- TAF_PDFReport.PDFReportTest -->
